Build started 6/21/2017 4:03:47 PM.
     1>Project "E:\shaders prodran\Program Shader\ProgramShader\ProgramShader.vcxproj" on node 2 (Build target(s)).
     1>C:\Program Files (x86)\MSBuild\Microsoft.Cpp\v4.0\V120\Microsoft.CppBuild.targets(381,5): warning MSB8028: The intermediate directory (x64\Debug\) contains files shared from another project (Program1.vcxproj).  This can lead to incorrect clean and rebuild behavior.
     1>ClCompile:
         C:\Program Files (x86)\Microsoft Visual Studio 12.0\VC\bin\x86_amd64\CL.exe /c /I"C:\Program Files\freeglut\include" /I"C:\Program Files\glew-2.0.0\include" /I"C:\Program Files\opencv\build\x64\vc12\..\..\include" /I"C:\Program Files\Simple OpenGL Image Library\src" /Zi /nologo /W3 /WX- /sdl /Od /D WIN32 /D _DEBUG /D _CONSOLE /D _LIB /D _UNICODE /D UNICODE /Gm /EHsc /RTC1 /MDd /GS /fp:precise /Zc:wchar_t /Zc:forScope /Fo"x64\Debug\\" /Fd"x64\Debug\vc120.pdb" /Gd /TP /errorReport:prompt Source.cpp
         Source.cpp
     1>Source.cpp(3): warning C4067: unexpected tokens following preprocessor directive - expected a newline
     1>e:\shaders prodran\program shader\programshader\Header.h(72): warning C4305: 'initializing' : truncation from 'double' to 'GLfloat'
     1>e:\shaders prodran\program shader\programshader\Header.h(118): warning C4244: 'initializing' : conversion from 'double' to 'GLfloat', possible loss of data
     1>e:\shaders prodran\program shader\programshader\Header.h(125): warning C4305: 'initializing' : truncation from 'double' to 'GLfloat'
     1>e:\shaders prodran\program shader\programshader\Header.h(154): warning C4305: 'initializing' : truncation from 'double' to 'GLfloat'
     1>Source.cpp(98): warning C4244: '=' : conversion from 'GLfloat' to 'GLuint', possible loss of data
     1>Source.cpp(99): warning C4244: '=' : conversion from 'GLfloat' to 'GLuint', possible loss of data
     1>Source.cpp(155): warning C4267: 'initializing' : conversion from 'size_t' to 'const GLint', possible loss of data
     1>Source.cpp(176): warning C4267: 'initializing' : conversion from 'size_t' to 'const GLint', possible loss of data
     1>Source.cpp(239): warning C4101: 'height' : unreferenced local variable
     1>Source.cpp(239): warning C4101: 'width' : unreferenced local variable
     1>Source.cpp(354): warning C4305: 'initializing' : truncation from 'double' to 'float'
       Link:
         C:\Program Files (x86)\Microsoft Visual Studio 12.0\VC\bin\x86_amd64\link.exe /ERRORREPORT:PROMPT /OUT:"E:\shaders prodran\Program Shader\x64\Debug\ProgramShader.exe" /INCREMENTAL /NOLOGO /LIBPATH:"C:\Program Files\freeglut\lib\x64" /LIBPATH:"C:\Program Files\glew-2.0.0\lib\Debug\x64" /LIBPATH:"C:\Program Files\opencv\build\x64\vc12\lib" /LIBPATH:"C:\Program Files\Simple OpenGL Image Library\projects\VC9\x64\Debug" freeglut.lib glew32d.lib opencv_world310.lib opencv_world310d.lib SOIL.lib kernel32.lib user32.lib gdi32.lib winspool.lib comdlg32.lib advapi32.lib shell32.lib ole32.lib oleaut32.lib uuid.lib odbc32.lib odbccp32.lib /MANIFEST /MANIFESTUAC:"level='asInvoker' uiAccess='false'" /manifest:embed /DEBUG /PDB:"E:\shaders prodran\Program Shader\x64\Debug\ProgramShader.pdb" /SUBSYSTEM:CONSOLE /TLBID:1 /DYNAMICBASE /NXCOMPAT /IMPLIB:"E:\shaders prodran\Program Shader\x64\Debug\ProgramShader.lib" /MACHINE:X64 x64\Debug\Source.obj
         ProgramShader.vcxproj -> E:\shaders prodran\Program Shader\x64\Debug\ProgramShader.exe
     1>Done Building Project "E:\shaders prodran\Program Shader\ProgramShader\ProgramShader.vcxproj" (Build target(s)).

Build succeeded.

Time Elapsed 00:00:01.30
